<?xml version="1.0" encoding="UTF-8"?>
<testsuite name="org.apache.commons.io.input.ReversedLinesFileReaderTestParamBlockSize" time="0.18" tests="85" errors="0" skipped="0" failures="0">
  <properties>
    <property name="java.runtime.name" value="OpenJDK Runtime Environment"/>
    <property name="java.vm.version" value="16.0.2+7-67"/>
    <property name="sun.boot.library.path" value="C:\Users\randy\.p2\pool\plugins\org.eclipse.justj.openjdk.hotspot.jre.full.win32.x86_64_16.0.2.v20210721-1149\jre\bin"/>
    <property name="maven.multiModuleProjectDirectory" value="C:\Users\randy\Documents\School\New folder (2)\proj\commons-io-2.5"/>
    <property name="java.vm.vendor" value="Oracle Corporation"/>
    <property name="java.vendor.url" value="https://java.oracle.com/"/>
    <property name="guice.disable.misplaced.annotation.check" value="true"/>
    <property name="path.separator" value=";"/>
    <property name="java.vm.name" value="OpenJDK 64-Bit Server VM"/>
    <property name="sun.os.patch.level" value=""/>
    <property name="user.script" value=""/>
    <property name="user.country" value="CA"/>
    <property name="sun.java.launcher" value="SUN_STANDARD"/>
    <property name="java.vm.specification.name" value="Java Virtual Machine Specification"/>
    <property name="user.dir" value="C:\Users\randy\Documents\School\New folder (2)\proj\commons-io-2.5"/>
    <property name="java.vm.compressedOopsMode" value="Zero based"/>
    <property name="java.runtime.version" value="16.0.2+7-67"/>
    <property name="os.arch" value="amd64"/>
    <property name="java.io.tmpdir" value="C:\Users\randy\AppData\Local\Temp\"/>
    <property name="line.separator" value="&#10;"/>
    <property name="java.vm.specification.vendor" value="Oracle Corporation"/>
    <property name="user.variant" value=""/>
    <property name="os.name" value="Windows 10"/>
    <property name="classworlds.conf" value="C:\Users\randy\eclipse-workspace\.metadata\.plugins\org.eclipse.m2e.launching\launches\m2conf8375314378088916077.tmp"/>
    <property name="sun.jnu.encoding" value="Cp1252"/>
    <property name="java.library.path" value="C:\Users\randy\.p2\pool\plugins\org.eclipse.justj.openjdk.hotspot.jre.full.win32.x86_64_16.0.2.v20210721-1149\jre\bin;C:\Windows\Sun\Java\bin;C:\Windows\system32;C:\Windows;C:/Users/randy/.p2/pool/plugins/org.eclipse.justj.openjdk.hotspot.jre.full.win32.x86_64_16.0.2.v20210721-1149/jre/bin/server;C:/Users/randy/.p2/pool/plugins/org.eclipse.justj.openjdk.hotspot.jre.full.win32.x86_64_16.0.2.v20210721-1149/jre/bin;C:\Program Files (x86)\Common Files\Oracle\Java\javapath;C:\Windows\system32;C:\Windows;C:\Windows\System32\Wbem;C:\Windows\System32\WindowsPowerShell\v1.0\;C:\Windows\System32\OpenSSH\;C:\Program Files (x86)\NVIDIA Corporation\PhysX\Common;C:\Program Files\NVIDIA Corporation\NVIDIA NvDLISR;C:\Program Files\PuTTY\;C:\Program Files (x86)\Pulse Secure\VC142.CRT\X64\;C:\Program Files (x86)\Pulse Secure\VC142.CRT\X86\;C:\Program Files\MATLAB\R2020b\bin;C:\Users\randy\AppData\Local\Microsoft\WindowsApps;;C:\Users\randy\AppData\Local\Programs\Microsoft VS Code\bin;C:\Windows\System32;;."/>
    <property name="jdk.debug" value="release"/>
    <property name="java.class.version" value="60.0"/>
    <property name="java.specification.name" value="Java Platform API Specification"/>
    <property name="sun.management.compiler" value="HotSpot 64-Bit Tiered Compilers"/>
    <property name="os.version" value="10.0"/>
    <property name="user.home" value="C:\Users\randy"/>
    <property name="user.timezone" value="America/Toronto"/>
    <property name="file.encoding" value="Cp1252"/>
    <property name="java.specification.version" value="16"/>
    <property name="user.name" value="randy"/>
    <property name="java.class.path" value="C:\Users\randy\.p2\pool\plugins\org.eclipse.m2e.maven.runtime_1.18.0.20210618-2246\jars\plexus-classworlds-2.6.0.jar"/>
    <property name="java.vm.specification.version" value="16"/>
    <property name="sun.arch.data.model" value="64"/>
    <property name="sun.java.command" value="org.codehaus.plexus.classworlds.launcher.Launcher -B install"/>
    <property name="java.home" value="C:\Users\randy\.p2\pool\plugins\org.eclipse.justj.openjdk.hotspot.jre.full.win32.x86_64_16.0.2.v20210721-1149\jre"/>
    <property name="user.language" value="en"/>
    <property name="java.specification.vendor" value="Oracle Corporation"/>
    <property name="java.vm.info" value="mixed mode"/>
    <property name="java.version" value="16.0.2"/>
    <property name="java.vendor" value="Oracle Corporation"/>
    <property name="maven.home" value="C:\Users\randy\Documents\School\New folder (2)\proj\commons-io-2.5\EMBEDDED"/>
    <property name="file.separator" value="\"/>
    <property name="java.version.date" value="2021-07-20"/>
    <property name="java.vendor.url.bug" value="https://bugreport.java.com/bugreport/"/>
    <property name="sun.io.unicode.encoding" value="UnicodeLittle"/>
    <property name="sun.cpu.endian" value="little"/>
    <property name="sun.cpu.isalist" value="amd64"/>
  </properties>
  <testcase name="testIsoFileDefaults[BlockSize=1]" classname="org.apache.commons.io.input.ReversedLinesFileReaderTestParamBlockSize" time="0.014"/>
  <testcase name="testUTF8FileCRBreaks[BlockSize=1]" classname="org.apache.commons.io.input.ReversedLinesFileReaderTestParamBlockSize" time="0.013"/>
  <testcase name="testUnsupportedEncodingUTF16[BlockSize=1]" classname="org.apache.commons.io.input.ReversedLinesFileReaderTestParamBlockSize" time="0.005"/>
  <testcase name="testGBK[BlockSize=1]" classname="org.apache.commons.io.input.ReversedLinesFileReaderTestParamBlockSize" time="0.003"/>
  <testcase name="testEmptyFile[BlockSize=1]" classname="org.apache.commons.io.input.ReversedLinesFileReaderTestParamBlockSize" time="0"/>
  <testcase name="testFileSizeIsExactMultipleOfBlockSize[BlockSize=1]" classname="org.apache.commons.io.input.ReversedLinesFileReaderTestParamBlockSize" time="0.001"/>
  <testcase name="testUTF8FileWindowsBreaksSmallBlockSize2VerifyBlockSpanningNewLines[BlockSize=1]" classname="org.apache.commons.io.input.ReversedLinesFileReaderTestParamBlockSize" time="0.011"/>
  <testcase name="testxWindows949File[BlockSize=1]" classname="org.apache.commons.io.input.ReversedLinesFileReaderTestParamBlockSize" time="0.003"/>
  <testcase name="testxWindows950File[BlockSize=1]" classname="org.apache.commons.io.input.ReversedLinesFileReaderTestParamBlockSize" time="0.002"/>
  <testcase name="testUTF8FileWindowsBreaks[BlockSize=1]" classname="org.apache.commons.io.input.ReversedLinesFileReaderTestParamBlockSize" time="0.01"/>
  <testcase name="testUTF16BEFile[BlockSize=1]" classname="org.apache.commons.io.input.ReversedLinesFileReaderTestParamBlockSize" time="0.016"/>
  <testcase name="testIsoFileManyWindowsBreaksSmallBlockSize2VerifyBlockSpanningNewLines[BlockSize=1]" classname="org.apache.commons.io.input.ReversedLinesFileReaderTestParamBlockSize" time="0.001"/>
  <testcase name="testUTF16LEFile[BlockSize=1]" classname="org.apache.commons.io.input.ReversedLinesFileReaderTestParamBlockSize" time="0.016"/>
  <testcase name="testShiftJISFile[BlockSize=1]" classname="org.apache.commons.io.input.ReversedLinesFileReaderTestParamBlockSize" time="0.001"/>
  <testcase name="testWindows31jFile[BlockSize=1]" classname="org.apache.commons.io.input.ReversedLinesFileReaderTestParamBlockSize" time="0.001"/>
  <testcase name="testUnsupportedEncodingBig5[BlockSize=1]" classname="org.apache.commons.io.input.ReversedLinesFileReaderTestParamBlockSize" time="0.013"/>
  <testcase name="testUTF8File[BlockSize=1]" classname="org.apache.commons.io.input.ReversedLinesFileReaderTestParamBlockSize" time="0.01"/>
  <testcase name="testIsoFileDefaults[BlockSize=3]" classname="org.apache.commons.io.input.ReversedLinesFileReaderTestParamBlockSize" time="0.003"/>
  <testcase name="testUTF8FileCRBreaks[BlockSize=3]" classname="org.apache.commons.io.input.ReversedLinesFileReaderTestParamBlockSize" time="0.003"/>
  <testcase name="testUnsupportedEncodingUTF16[BlockSize=3]" classname="org.apache.commons.io.input.ReversedLinesFileReaderTestParamBlockSize" time="0.001"/>
  <testcase name="testGBK[BlockSize=3]" classname="org.apache.commons.io.input.ReversedLinesFileReaderTestParamBlockSize" time="0"/>
  <testcase name="testEmptyFile[BlockSize=3]" classname="org.apache.commons.io.input.ReversedLinesFileReaderTestParamBlockSize" time="0.001"/>
  <testcase name="testFileSizeIsExactMultipleOfBlockSize[BlockSize=3]" classname="org.apache.commons.io.input.ReversedLinesFileReaderTestParamBlockSize" time="0"/>
  <testcase name="testUTF8FileWindowsBreaksSmallBlockSize2VerifyBlockSpanningNewLines[BlockSize=3]" classname="org.apache.commons.io.input.ReversedLinesFileReaderTestParamBlockSize" time="0.003"/>
  <testcase name="testxWindows949File[BlockSize=3]" classname="org.apache.commons.io.input.ReversedLinesFileReaderTestParamBlockSize" time="0"/>
  <testcase name="testxWindows950File[BlockSize=3]" classname="org.apache.commons.io.input.ReversedLinesFileReaderTestParamBlockSize" time="0"/>
  <testcase name="testUTF8FileWindowsBreaks[BlockSize=3]" classname="org.apache.commons.io.input.ReversedLinesFileReaderTestParamBlockSize" time="0.004"/>
  <testcase name="testUTF16BEFile[BlockSize=3]" classname="org.apache.commons.io.input.ReversedLinesFileReaderTestParamBlockSize" time="0.006"/>
  <testcase name="testIsoFileManyWindowsBreaksSmallBlockSize2VerifyBlockSpanningNewLines[BlockSize=3]" classname="org.apache.commons.io.input.ReversedLinesFileReaderTestParamBlockSize" time="0"/>
  <testcase name="testUTF16LEFile[BlockSize=3]" classname="org.apache.commons.io.input.ReversedLinesFileReaderTestParamBlockSize" time="0.009"/>
  <testcase name="testShiftJISFile[BlockSize=3]" classname="org.apache.commons.io.input.ReversedLinesFileReaderTestParamBlockSize" time="0.001"/>
  <testcase name="testWindows31jFile[BlockSize=3]" classname="org.apache.commons.io.input.ReversedLinesFileReaderTestParamBlockSize" time="0"/>
  <testcase name="testUnsupportedEncodingBig5[BlockSize=3]" classname="org.apache.commons.io.input.ReversedLinesFileReaderTestParamBlockSize" time="0"/>
  <testcase name="testUTF8File[BlockSize=3]" classname="org.apache.commons.io.input.ReversedLinesFileReaderTestParamBlockSize" time="0.004"/>
  <testcase name="testIsoFileDefaults[BlockSize=8]" classname="org.apache.commons.io.input.ReversedLinesFileReaderTestParamBlockSize" time="0.001"/>
  <testcase name="testUTF8FileCRBreaks[BlockSize=8]" classname="org.apache.commons.io.input.ReversedLinesFileReaderTestParamBlockSize" time="0.002"/>
  <testcase name="testUnsupportedEncodingUTF16[BlockSize=8]" classname="org.apache.commons.io.input.ReversedLinesFileReaderTestParamBlockSize" time="0"/>
  <testcase name="testGBK[BlockSize=8]" classname="org.apache.commons.io.input.ReversedLinesFileReaderTestParamBlockSize" time="0.001"/>
  <testcase name="testEmptyFile[BlockSize=8]" classname="org.apache.commons.io.input.ReversedLinesFileReaderTestParamBlockSize" time="0"/>
  <testcase name="testFileSizeIsExactMultipleOfBlockSize[BlockSize=8]" classname="org.apache.commons.io.input.ReversedLinesFileReaderTestParamBlockSize" time="0"/>
  <testcase name="testUTF8FileWindowsBreaksSmallBlockSize2VerifyBlockSpanningNewLines[BlockSize=8]" classname="org.apache.commons.io.input.ReversedLinesFileReaderTestParamBlockSize" time="0.002"/>
  <testcase name="testxWindows949File[BlockSize=8]" classname="org.apache.commons.io.input.ReversedLinesFileReaderTestParamBlockSize" time="0"/>
  <testcase name="testxWindows950File[BlockSize=8]" classname="org.apache.commons.io.input.ReversedLinesFileReaderTestParamBlockSize" time="0.001"/>
  <testcase name="testUTF8FileWindowsBreaks[BlockSize=8]" classname="org.apache.commons.io.input.ReversedLinesFileReaderTestParamBlockSize" time="0.001"/>
  <testcase name="testUTF16BEFile[BlockSize=8]" classname="org.apache.commons.io.input.ReversedLinesFileReaderTestParamBlockSize" time="0.002"/>
  <testcase name="testIsoFileManyWindowsBreaksSmallBlockSize2VerifyBlockSpanningNewLines[BlockSize=8]" classname="org.apache.commons.io.input.ReversedLinesFileReaderTestParamBlockSize" time="0"/>
  <testcase name="testUTF16LEFile[BlockSize=8]" classname="org.apache.commons.io.input.ReversedLinesFileReaderTestParamBlockSize" time="0.003"/>
  <testcase name="testShiftJISFile[BlockSize=8]" classname="org.apache.commons.io.input.ReversedLinesFileReaderTestParamBlockSize" time="0"/>
  <testcase name="testWindows31jFile[BlockSize=8]" classname="org.apache.commons.io.input.ReversedLinesFileReaderTestParamBlockSize" time="0.001"/>
  <testcase name="testUnsupportedEncodingBig5[BlockSize=8]" classname="org.apache.commons.io.input.ReversedLinesFileReaderTestParamBlockSize" time="0"/>
  <testcase name="testUTF8File[BlockSize=8]" classname="org.apache.commons.io.input.ReversedLinesFileReaderTestParamBlockSize" time="0.001"/>
  <testcase name="testIsoFileDefaults[BlockSize=256]" classname="org.apache.commons.io.input.ReversedLinesFileReaderTestParamBlockSize" time="0"/>
  <testcase name="testUTF8FileCRBreaks[BlockSize=256]" classname="org.apache.commons.io.input.ReversedLinesFileReaderTestParamBlockSize" time="0"/>
  <testcase name="testUnsupportedEncodingUTF16[BlockSize=256]" classname="org.apache.commons.io.input.ReversedLinesFileReaderTestParamBlockSize" time="0.001"/>
  <testcase name="testGBK[BlockSize=256]" classname="org.apache.commons.io.input.ReversedLinesFileReaderTestParamBlockSize" time="0"/>
  <testcase name="testEmptyFile[BlockSize=256]" classname="org.apache.commons.io.input.ReversedLinesFileReaderTestParamBlockSize" time="0"/>
  <testcase name="testFileSizeIsExactMultipleOfBlockSize[BlockSize=256]" classname="org.apache.commons.io.input.ReversedLinesFileReaderTestParamBlockSize" time="0.001"/>
  <testcase name="testUTF8FileWindowsBreaksSmallBlockSize2VerifyBlockSpanningNewLines[BlockSize=256]" classname="org.apache.commons.io.input.ReversedLinesFileReaderTestParamBlockSize" time="0"/>
  <testcase name="testxWindows949File[BlockSize=256]" classname="org.apache.commons.io.input.ReversedLinesFileReaderTestParamBlockSize" time="0"/>
  <testcase name="testxWindows950File[BlockSize=256]" classname="org.apache.commons.io.input.ReversedLinesFileReaderTestParamBlockSize" time="0.001"/>
  <testcase name="testUTF8FileWindowsBreaks[BlockSize=256]" classname="org.apache.commons.io.input.ReversedLinesFileReaderTestParamBlockSize" time="0"/>
  <testcase name="testUTF16BEFile[BlockSize=256]" classname="org.apache.commons.io.input.ReversedLinesFileReaderTestParamBlockSize" time="0.001"/>
  <testcase name="testIsoFileManyWindowsBreaksSmallBlockSize2VerifyBlockSpanningNewLines[BlockSize=256]" classname="org.apache.commons.io.input.ReversedLinesFileReaderTestParamBlockSize" time="0"/>
  <testcase name="testUTF16LEFile[BlockSize=256]" classname="org.apache.commons.io.input.ReversedLinesFileReaderTestParamBlockSize" time="0.001"/>
  <testcase name="testShiftJISFile[BlockSize=256]" classname="org.apache.commons.io.input.ReversedLinesFileReaderTestParamBlockSize" time="0"/>
  <testcase name="testWindows31jFile[BlockSize=256]" classname="org.apache.commons.io.input.ReversedLinesFileReaderTestParamBlockSize" time="0"/>
  <testcase name="testUnsupportedEncodingBig5[BlockSize=256]" classname="org.apache.commons.io.input.ReversedLinesFileReaderTestParamBlockSize" time="0.001"/>
  <testcase name="testUTF8File[BlockSize=256]" classname="org.apache.commons.io.input.ReversedLinesFileReaderTestParamBlockSize" time="0"/>
  <testcase name="testIsoFileDefaults[BlockSize=4,096]" classname="org.apache.commons.io.input.ReversedLinesFileReaderTestParamBlockSize" time="0"/>
  <testcase name="testUTF8FileCRBreaks[BlockSize=4,096]" classname="org.apache.commons.io.input.ReversedLinesFileReaderTestParamBlockSize" time="0.001"/>
  <testcase name="testUnsupportedEncodingUTF16[BlockSize=4,096]" classname="org.apache.commons.io.input.ReversedLinesFileReaderTestParamBlockSize" time="0"/>
  <testcase name="testGBK[BlockSize=4,096]" classname="org.apache.commons.io.input.ReversedLinesFileReaderTestParamBlockSize" time="0"/>
  <testcase name="testEmptyFile[BlockSize=4,096]" classname="org.apache.commons.io.input.ReversedLinesFileReaderTestParamBlockSize" time="0.001"/>
  <testcase name="testFileSizeIsExactMultipleOfBlockSize[BlockSize=4,096]" classname="org.apache.commons.io.input.ReversedLinesFileReaderTestParamBlockSize" time="0"/>
  <testcase name="testUTF8FileWindowsBreaksSmallBlockSize2VerifyBlockSpanningNewLines[BlockSize=4,096]" classname="org.apache.commons.io.input.ReversedLinesFileReaderTestParamBlockSize" time="0"/>
  <testcase name="testxWindows949File[BlockSize=4,096]" classname="org.apache.commons.io.input.ReversedLinesFileReaderTestParamBlockSize" time="0"/>
  <testcase name="testxWindows950File[BlockSize=4,096]" classname="org.apache.commons.io.input.ReversedLinesFileReaderTestParamBlockSize" time="0"/>
  <testcase name="testUTF8FileWindowsBreaks[BlockSize=4,096]" classname="org.apache.commons.io.input.ReversedLinesFileReaderTestParamBlockSize" time="0.001"/>
  <testcase name="testUTF16BEFile[BlockSize=4,096]" classname="org.apache.commons.io.input.ReversedLinesFileReaderTestParamBlockSize" time="0"/>
  <testcase name="testIsoFileManyWindowsBreaksSmallBlockSize2VerifyBlockSpanningNewLines[BlockSize=4,096]" classname="org.apache.commons.io.input.ReversedLinesFileReaderTestParamBlockSize" time="0"/>
  <testcase name="testUTF16LEFile[BlockSize=4,096]" classname="org.apache.commons.io.input.ReversedLinesFileReaderTestParamBlockSize" time="0"/>
  <testcase name="testShiftJISFile[BlockSize=4,096]" classname="org.apache.commons.io.input.ReversedLinesFileReaderTestParamBlockSize" time="0"/>
  <testcase name="testWindows31jFile[BlockSize=4,096]" classname="org.apache.commons.io.input.ReversedLinesFileReaderTestParamBlockSize" time="0.001"/>
  <testcase name="testUnsupportedEncodingBig5[BlockSize=4,096]" classname="org.apache.commons.io.input.ReversedLinesFileReaderTestParamBlockSize" time="0"/>
  <testcase name="testUTF8File[BlockSize=4,096]" classname="org.apache.commons.io.input.ReversedLinesFileReaderTestParamBlockSize" time="0"/>
</testsuite>