<?xml version="1.0" encoding="UTF-8"?>
<testsuite name="org.apache.commons.io.IOUtilsTestCase" time="0.574" tests="80" errors="0" skipped="0" failures="0">
  <properties>
    <property name="java.runtime.name" value="OpenJDK Runtime Environment"/>
    <property name="java.vm.version" value="16.0.2+7-67"/>
    <property name="sun.boot.library.path" value="C:\Users\randy\.p2\pool\plugins\org.eclipse.justj.openjdk.hotspot.jre.full.win32.x86_64_16.0.2.v20210721-1149\jre\bin"/>
    <property name="maven.multiModuleProjectDirectory" value="C:\Users\randy\Documents\School\New folder (2)\proj\commons-io-2.5"/>
    <property name="java.vm.vendor" value="Oracle Corporation"/>
    <property name="java.vendor.url" value="https://java.oracle.com/"/>
    <property name="guice.disable.misplaced.annotation.check" value="true"/>
    <property name="path.separator" value=";"/>
    <property name="java.vm.name" value="OpenJDK 64-Bit Server VM"/>
    <property name="sun.os.patch.level" value=""/>
    <property name="user.script" value=""/>
    <property name="user.country" value="CA"/>
    <property name="sun.java.launcher" value="SUN_STANDARD"/>
    <property name="java.vm.specification.name" value="Java Virtual Machine Specification"/>
    <property name="user.dir" value="C:\Users\randy\Documents\School\New folder (2)\proj\commons-io-2.5"/>
    <property name="java.vm.compressedOopsMode" value="Zero based"/>
    <property name="java.runtime.version" value="16.0.2+7-67"/>
    <property name="os.arch" value="amd64"/>
    <property name="java.io.tmpdir" value="C:\Users\randy\AppData\Local\Temp\"/>
    <property name="line.separator" value="&#10;"/>
    <property name="java.vm.specification.vendor" value="Oracle Corporation"/>
    <property name="user.variant" value=""/>
    <property name="os.name" value="Windows 10"/>
    <property name="classworlds.conf" value="C:\Users\randy\eclipse-workspace\.metadata\.plugins\org.eclipse.m2e.launching\launches\m2conf8375314378088916077.tmp"/>
    <property name="sun.jnu.encoding" value="Cp1252"/>
    <property name="java.library.path" value="C:\Users\randy\.p2\pool\plugins\org.eclipse.justj.openjdk.hotspot.jre.full.win32.x86_64_16.0.2.v20210721-1149\jre\bin;C:\Windows\Sun\Java\bin;C:\Windows\system32;C:\Windows;C:/Users/randy/.p2/pool/plugins/org.eclipse.justj.openjdk.hotspot.jre.full.win32.x86_64_16.0.2.v20210721-1149/jre/bin/server;C:/Users/randy/.p2/pool/plugins/org.eclipse.justj.openjdk.hotspot.jre.full.win32.x86_64_16.0.2.v20210721-1149/jre/bin;C:\Program Files (x86)\Common Files\Oracle\Java\javapath;C:\Windows\system32;C:\Windows;C:\Windows\System32\Wbem;C:\Windows\System32\WindowsPowerShell\v1.0\;C:\Windows\System32\OpenSSH\;C:\Program Files (x86)\NVIDIA Corporation\PhysX\Common;C:\Program Files\NVIDIA Corporation\NVIDIA NvDLISR;C:\Program Files\PuTTY\;C:\Program Files (x86)\Pulse Secure\VC142.CRT\X64\;C:\Program Files (x86)\Pulse Secure\VC142.CRT\X86\;C:\Program Files\MATLAB\R2020b\bin;C:\Users\randy\AppData\Local\Microsoft\WindowsApps;;C:\Users\randy\AppData\Local\Programs\Microsoft VS Code\bin;C:\Windows\System32;;."/>
    <property name="jdk.debug" value="release"/>
    <property name="java.class.version" value="60.0"/>
    <property name="java.specification.name" value="Java Platform API Specification"/>
    <property name="sun.management.compiler" value="HotSpot 64-Bit Tiered Compilers"/>
    <property name="os.version" value="10.0"/>
    <property name="user.home" value="C:\Users\randy"/>
    <property name="user.timezone" value="America/Toronto"/>
    <property name="file.encoding" value="Cp1252"/>
    <property name="java.specification.version" value="16"/>
    <property name="user.name" value="randy"/>
    <property name="java.class.path" value="C:\Users\randy\.p2\pool\plugins\org.eclipse.m2e.maven.runtime_1.18.0.20210618-2246\jars\plexus-classworlds-2.6.0.jar"/>
    <property name="java.vm.specification.version" value="16"/>
    <property name="sun.arch.data.model" value="64"/>
    <property name="sun.java.command" value="org.codehaus.plexus.classworlds.launcher.Launcher -B install"/>
    <property name="java.home" value="C:\Users\randy\.p2\pool\plugins\org.eclipse.justj.openjdk.hotspot.jre.full.win32.x86_64_16.0.2.v20210721-1149\jre"/>
    <property name="user.language" value="en"/>
    <property name="java.specification.vendor" value="Oracle Corporation"/>
    <property name="java.vm.info" value="mixed mode"/>
    <property name="java.version" value="16.0.2"/>
    <property name="java.vendor" value="Oracle Corporation"/>
    <property name="maven.home" value="C:\Users\randy\Documents\School\New folder (2)\proj\commons-io-2.5\EMBEDDED"/>
    <property name="file.separator" value="\"/>
    <property name="java.version.date" value="2021-07-20"/>
    <property name="java.vendor.url.bug" value="https://bugreport.java.com/bugreport/"/>
    <property name="sun.io.unicode.encoding" value="UnicodeLittle"/>
    <property name="sun.cpu.endian" value="little"/>
    <property name="sun.cpu.isalist" value="amd64"/>
  </properties>
  <testcase name="testToCharArray_Reader" classname="org.apache.commons.io.IOUtilsTestCase" time="0.02"/>
  <testcase name="testToString_InputStream" classname="org.apache.commons.io.IOUtilsTestCase" time="0.006"/>
  <testcase name="testContentEqualsIgnoreEOL" classname="org.apache.commons.io.IOUtilsTestCase" time="0.005"/>
  <testcase name="testCopyLarge_FullLength" classname="org.apache.commons.io.IOUtilsTestCase" time="0.006"/>
  <testcase name="testCloseQuietly_SelectorNull" classname="org.apache.commons.io.IOUtilsTestCase" time="0.005"/>
  <testcase name="testCopy_String_Writer" classname="org.apache.commons.io.IOUtilsTestCase" time="0.011"/>
  <testcase name="testToByteArray_InputStream_NegativeSize" classname="org.apache.commons.io.IOUtilsTestCase" time="0.006"/>
  <testcase name="testToString_Reader" classname="org.apache.commons.io.IOUtilsTestCase" time="0.005"/>
  <testcase name="testReadFully_InputStream_Offset" classname="org.apache.commons.io.IOUtilsTestCase" time="0.005"/>
  <testcase name="testCopyLarge_CharExtraLength" classname="org.apache.commons.io.IOUtilsTestCase" time="0.004"/>
  <testcase name="testSkip_ReadableByteChannel" classname="org.apache.commons.io.IOUtilsTestCase" time="0.008"/>
  <testcase name="testAsBufferedReaderWithBufferSize" classname="org.apache.commons.io.IOUtilsTestCase" time="0.005"/>
  <testcase name="testSkipFully_Reader" classname="org.apache.commons.io.IOUtilsTestCase" time="0.005"/>
  <testcase name="testToString_URL_CharsetNameNull" classname="org.apache.commons.io.IOUtilsTestCase" time="0.006"/>
  <testcase name="testToInputStream_String" classname="org.apache.commons.io.IOUtilsTestCase" time="0.006"/>
  <testcase name="testToByteArray_URI" classname="org.apache.commons.io.IOUtilsTestCase" time="0.007"/>
  <testcase name="testToByteArray_URL" classname="org.apache.commons.io.IOUtilsTestCase" time="0.005"/>
  <testcase name="testAsBufferedOutputStreamWithBufferSize" classname="org.apache.commons.io.IOUtilsTestCase" time="0.005"/>
  <testcase name="testToString_URL_CharsetName" classname="org.apache.commons.io.IOUtilsTestCase" time="0.005"/>
  <testcase name="testToByteArray_InputStream_SizeLong" classname="org.apache.commons.io.IOUtilsTestCase" time="0.005"/>
  <testcase name="testToByteArray_InputStream_SizeZero" classname="org.apache.commons.io.IOUtilsTestCase" time="0.005"/>
  <testcase name="testCloseQuietly_Socket" classname="org.apache.commons.io.IOUtilsTestCase" time="0.009"/>
  <testcase name="testToString_ByteArray" classname="org.apache.commons.io.IOUtilsTestCase" time="0.006"/>
  <testcase name="testToString_URI_CharsetNameNull" classname="org.apache.commons.io.IOUtilsTestCase" time="0.007"/>
  <testcase name="testCopy_ByteArray_Writer" classname="org.apache.commons.io.IOUtilsTestCase" time="0.01"/>
  <testcase name="testCopyLarge_NoSkip" classname="org.apache.commons.io.IOUtilsTestCase" time="0.005"/>
  <testcase name="testToInputStream_CharSequence" classname="org.apache.commons.io.IOUtilsTestCase" time="0.004"/>
  <testcase name="testSkip_InputStream" classname="org.apache.commons.io.IOUtilsTestCase" time="0.005"/>
  <testcase name="testCloseQuietly_SelectorIOException" classname="org.apache.commons.io.IOUtilsTestCase" time="0.005"/>
  <testcase name="testAsBufferedWriterWithBufferSize" classname="org.apache.commons.io.IOUtilsTestCase" time="0.005"/>
  <testcase name="testAsBufferedReader" classname="org.apache.commons.io.IOUtilsTestCase" time="0.005"/>
  <testcase name="testToByteArray_InputStream" classname="org.apache.commons.io.IOUtilsTestCase" time="0.006"/>
  <testcase name="testCopyLarge_CharFullLength" classname="org.apache.commons.io.IOUtilsTestCase" time="0.005"/>
  <testcase name="testAsBufferedWriter" classname="org.apache.commons.io.IOUtilsTestCase" time="0.004"/>
  <testcase name="testToString_URI_CharsetName" classname="org.apache.commons.io.IOUtilsTestCase" time="0.005"/>
  <testcase name="testCloseQuietly_SocketIOException" classname="org.apache.commons.io.IOUtilsTestCase" time="0.005"/>
  <testcase name="testSkipFully_ReadableByteChannel" classname="org.apache.commons.io.IOUtilsTestCase" time="0.005"/>
  <testcase name="testToByteArray_InputStream_Size" classname="org.apache.commons.io.IOUtilsTestCase" time="0.006"/>
  <testcase name="testCopyLarge_SkipInvalid" classname="org.apache.commons.io.IOUtilsTestCase" time="0.005"/>
  <testcase name="testCopyLarge_CharNoSkip" classname="org.apache.commons.io.IOUtilsTestCase" time="0.004"/>
  <testcase name="testCopy_ByteArray_OutputStream" classname="org.apache.commons.io.IOUtilsTestCase" time="0.009"/>
  <testcase name="testSkip_FileReader" classname="org.apache.commons.io.IOUtilsTestCase" time="0.005"/>
  <testcase name="testConstants" classname="org.apache.commons.io.IOUtilsTestCase" time="0.004"/>
  <testcase name="testReadFully_InputStream__ReturnByteArray" classname="org.apache.commons.io.IOUtilsTestCase" time="0.005"/>
  <testcase name="testReadLines_Reader" classname="org.apache.commons.io.IOUtilsTestCase" time="0.007"/>
  <testcase name="testAsBufferedOutputStream" classname="org.apache.commons.io.IOUtilsTestCase" time="0.005"/>
  <testcase name="testAsBufferedNull" classname="org.apache.commons.io.IOUtilsTestCase" time="0.004"/>
  <testcase name="testSkipFully_InputStream" classname="org.apache.commons.io.IOUtilsTestCase" time="0.004"/>
  <testcase name="testCloseQuietly_SelectorTwice" classname="org.apache.commons.io.IOUtilsTestCase" time="0.118"/>
  <testcase name="testStringToOutputStream" classname="org.apache.commons.io.IOUtilsTestCase" time="0.011"/>
  <testcase name="testReadFully_Reader_Offset" classname="org.apache.commons.io.IOUtilsTestCase" time="0.004"/>
  <testcase name="testCloseQuietly_ServerSocketIOException" classname="org.apache.commons.io.IOUtilsTestCase" time="0.005"/>
  <testcase name="testCopyLarge_ExtraLength" classname="org.apache.commons.io.IOUtilsTestCase" time="0.004"/>
  <testcase name="testCopyLarge_Skip" classname="org.apache.commons.io.IOUtilsTestCase" time="0.004"/>
  <testcase name="testRead_ReadableByteChannel" classname="org.apache.commons.io.IOUtilsTestCase" time="0.006"/>
  <testcase name="testToBufferedInputStream_InputStream" classname="org.apache.commons.io.IOUtilsTestCase" time="0.005"/>
  <testcase name="testCloseQuietly_Selector" classname="org.apache.commons.io.IOUtilsTestCase" time="0.006"/>
  <testcase name="testCloseQuietly_AllCloseableIOException" classname="org.apache.commons.io.IOUtilsTestCase" time="0.006"/>
  <testcase name="testContentEquals_Reader_Reader" classname="org.apache.commons.io.IOUtilsTestCase" time="0.005"/>
  <testcase name="testAsBufferedInputStreamWithBufferSize" classname="org.apache.commons.io.IOUtilsTestCase" time="0.005"/>
  <testcase name="testAsBufferedInputStream" classname="org.apache.commons.io.IOUtilsTestCase" time="0.004"/>
  <testcase name="testReadFully_InputStream_ByteArray" classname="org.apache.commons.io.IOUtilsTestCase" time="0.005"/>
  <testcase name="testToByteArray_Reader" classname="org.apache.commons.io.IOUtilsTestCase" time="0.005"/>
  <testcase name="testToCharArray_InputStream" classname="org.apache.commons.io.IOUtilsTestCase" time="0.007"/>
  <testcase name="testReadLines_InputStream" classname="org.apache.commons.io.IOUtilsTestCase" time="0.008"/>
  <testcase name="testToByteArray_String" classname="org.apache.commons.io.IOUtilsTestCase" time="0.005"/>
  <testcase name="testCopyLarge_CharSkip" classname="org.apache.commons.io.IOUtilsTestCase" time="0.006"/>
  <testcase name="testReadFully_ReadableByteChannel" classname="org.apache.commons.io.IOUtilsTestCase" time="0.006"/>
  <testcase name="testToByteArray_URLConnection" classname="org.apache.commons.io.IOUtilsTestCase" time="0.006"/>
  <testcase name="testToBufferedInputStreamWithBufferSize_InputStream" classname="org.apache.commons.io.IOUtilsTestCase" time="0.007"/>
  <testcase name="testToByteArray_InputStream_SizeIllegal" classname="org.apache.commons.io.IOUtilsTestCase" time="0.005"/>
  <testcase name="testToString_URI" classname="org.apache.commons.io.IOUtilsTestCase" time="0.006"/>
  <testcase name="testToString_URL" classname="org.apache.commons.io.IOUtilsTestCase" time="0.006"/>
  <testcase name="testReadLines_InputStream_String" classname="org.apache.commons.io.IOUtilsTestCase" time="0.007"/>
  <testcase name="testCloseQuietly_ServerSocket" classname="org.apache.commons.io.IOUtilsTestCase" time="0.005"/>
  <testcase name="testCloseQuietly_CloseableIOException" classname="org.apache.commons.io.IOUtilsTestCase" time="0.005"/>
  <testcase name="testContentEquals_InputStream_InputStream" classname="org.apache.commons.io.IOUtilsTestCase" time="0.004"/>
  <testcase name="testReadFully_Reader" classname="org.apache.commons.io.IOUtilsTestCase" time="0.004"/>
  <testcase name="testToCharArray_InputStream_CharsetName" classname="org.apache.commons.io.IOUtilsTestCase" time="0.005"/>
  <testcase name="testCopyLarge_CharSkipInvalid" classname="org.apache.commons.io.IOUtilsTestCase" time="0.005"/>
</testsuite>