<?xml version="1.0" encoding="UTF-8"?>
<testsuite name="org.apache.commons.io.input.BOMInputStreamTest" time="0.061" tests="44" errors="0" skipped="1" failures="0">
  <properties>
    <property name="java.runtime.name" value="OpenJDK Runtime Environment"/>
    <property name="java.vm.version" value="16.0.2+7-67"/>
    <property name="sun.boot.library.path" value="C:\Users\randy\.p2\pool\plugins\org.eclipse.justj.openjdk.hotspot.jre.full.win32.x86_64_16.0.2.v20210721-1149\jre\bin"/>
    <property name="maven.multiModuleProjectDirectory" value="C:\Users\randy\Documents\School\New folder (2)\proj\commons-io-2.5"/>
    <property name="java.vm.vendor" value="Oracle Corporation"/>
    <property name="java.vendor.url" value="https://java.oracle.com/"/>
    <property name="guice.disable.misplaced.annotation.check" value="true"/>
    <property name="path.separator" value=";"/>
    <property name="java.vm.name" value="OpenJDK 64-Bit Server VM"/>
    <property name="sun.os.patch.level" value=""/>
    <property name="user.script" value=""/>
    <property name="user.country" value="CA"/>
    <property name="sun.java.launcher" value="SUN_STANDARD"/>
    <property name="java.vm.specification.name" value="Java Virtual Machine Specification"/>
    <property name="user.dir" value="C:\Users\randy\Documents\School\New folder (2)\proj\commons-io-2.5"/>
    <property name="java.vm.compressedOopsMode" value="Zero based"/>
    <property name="java.runtime.version" value="16.0.2+7-67"/>
    <property name="os.arch" value="amd64"/>
    <property name="java.io.tmpdir" value="C:\Users\randy\AppData\Local\Temp\"/>
    <property name="line.separator" value="&#10;"/>
    <property name="java.vm.specification.vendor" value="Oracle Corporation"/>
    <property name="user.variant" value=""/>
    <property name="os.name" value="Windows 10"/>
    <property name="classworlds.conf" value="C:\Users\randy\eclipse-workspace\.metadata\.plugins\org.eclipse.m2e.launching\launches\m2conf8375314378088916077.tmp"/>
    <property name="sun.jnu.encoding" value="Cp1252"/>
    <property name="java.library.path" value="C:\Users\randy\.p2\pool\plugins\org.eclipse.justj.openjdk.hotspot.jre.full.win32.x86_64_16.0.2.v20210721-1149\jre\bin;C:\Windows\Sun\Java\bin;C:\Windows\system32;C:\Windows;C:/Users/randy/.p2/pool/plugins/org.eclipse.justj.openjdk.hotspot.jre.full.win32.x86_64_16.0.2.v20210721-1149/jre/bin/server;C:/Users/randy/.p2/pool/plugins/org.eclipse.justj.openjdk.hotspot.jre.full.win32.x86_64_16.0.2.v20210721-1149/jre/bin;C:\Program Files (x86)\Common Files\Oracle\Java\javapath;C:\Windows\system32;C:\Windows;C:\Windows\System32\Wbem;C:\Windows\System32\WindowsPowerShell\v1.0\;C:\Windows\System32\OpenSSH\;C:\Program Files (x86)\NVIDIA Corporation\PhysX\Common;C:\Program Files\NVIDIA Corporation\NVIDIA NvDLISR;C:\Program Files\PuTTY\;C:\Program Files (x86)\Pulse Secure\VC142.CRT\X64\;C:\Program Files (x86)\Pulse Secure\VC142.CRT\X86\;C:\Program Files\MATLAB\R2020b\bin;C:\Users\randy\AppData\Local\Microsoft\WindowsApps;;C:\Users\randy\AppData\Local\Programs\Microsoft VS Code\bin;C:\Windows\System32;;."/>
    <property name="jdk.debug" value="release"/>
    <property name="java.class.version" value="60.0"/>
    <property name="java.specification.name" value="Java Platform API Specification"/>
    <property name="sun.management.compiler" value="HotSpot 64-Bit Tiered Compilers"/>
    <property name="os.version" value="10.0"/>
    <property name="user.home" value="C:\Users\randy"/>
    <property name="user.timezone" value="America/Toronto"/>
    <property name="file.encoding" value="Cp1252"/>
    <property name="java.specification.version" value="16"/>
    <property name="user.name" value="randy"/>
    <property name="java.class.path" value="C:\Users\randy\.p2\pool\plugins\org.eclipse.m2e.maven.runtime_1.18.0.20210618-2246\jars\plexus-classworlds-2.6.0.jar"/>
    <property name="java.vm.specification.version" value="16"/>
    <property name="sun.arch.data.model" value="64"/>
    <property name="sun.java.command" value="org.codehaus.plexus.classworlds.launcher.Launcher -B install"/>
    <property name="java.home" value="C:\Users\randy\.p2\pool\plugins\org.eclipse.justj.openjdk.hotspot.jre.full.win32.x86_64_16.0.2.v20210721-1149\jre"/>
    <property name="user.language" value="en"/>
    <property name="java.specification.vendor" value="Oracle Corporation"/>
    <property name="java.vm.info" value="mixed mode"/>
    <property name="java.version" value="16.0.2"/>
    <property name="java.vendor" value="Oracle Corporation"/>
    <property name="maven.home" value="C:\Users\randy\Documents\School\New folder (2)\proj\commons-io-2.5\EMBEDDED"/>
    <property name="file.separator" value="\"/>
    <property name="java.version.date" value="2021-07-20"/>
    <property name="java.vendor.url.bug" value="https://bugreport.java.com/bugreport/"/>
    <property name="sun.io.unicode.encoding" value="UnicodeLittle"/>
    <property name="sun.cpu.endian" value="little"/>
    <property name="sun.cpu.isalist" value="amd64"/>
  </properties>
  <testcase name="testEmptyBufferWithoutBOM" classname="org.apache.commons.io.input.BOMInputStreamTest" time="0.004"/>
  <testcase name="testReadTwiceWithoutBOM" classname="org.apache.commons.io.input.BOMInputStreamTest" time="0.002"/>
  <testcase name="testReadXmlWithoutBOMUtf32Be" classname="org.apache.commons.io.input.BOMInputStreamTest" time="0.036"/>
  <testcase name="testReadXmlWithoutBOMUtf32Le" classname="org.apache.commons.io.input.BOMInputStreamTest" time="0.002"/>
  <testcase name="testReadWithoutBOM" classname="org.apache.commons.io.input.BOMInputStreamTest" time="0"/>
  <testcase name="testClose" classname="org.apache.commons.io.input.BOMInputStreamTest" time="0"/>
  <testcase name="testEmptyBufferWithBOM" classname="org.apache.commons.io.input.BOMInputStreamTest" time="0"/>
  <testcase name="testSkipWithBOM" classname="org.apache.commons.io.input.BOMInputStreamTest" time="0"/>
  <testcase name="testReadWithBOMUtf8" classname="org.apache.commons.io.input.BOMInputStreamTest" time="0"/>
  <testcase name="testReadEmpty" classname="org.apache.commons.io.input.BOMInputStreamTest" time="0"/>
  <testcase name="testReadSmall" classname="org.apache.commons.io.input.BOMInputStreamTest" time="0.001"/>
  <testcase name="testReadWithBOMInclude" classname="org.apache.commons.io.input.BOMInputStreamTest" time="0"/>
  <testcase name="testLargeBufferWithBOM" classname="org.apache.commons.io.input.BOMInputStreamTest" time="0"/>
  <testcase name="testSmallBufferWithoutBOM" classname="org.apache.commons.io.input.BOMInputStreamTest" time="0"/>
  <testcase name="testLeadingNonBOMSingleRead" classname="org.apache.commons.io.input.BOMInputStreamTest" time="0"/>
  <testcase name="testGetBOMFirstThenReadInclude" classname="org.apache.commons.io.input.BOMInputStreamTest" time="0"/>
  <testcase name="testMarkResetBeforeReadWithoutBOM" classname="org.apache.commons.io.input.BOMInputStreamTest" time="0"/>
  <testcase name="testSmallBufferWithBOM" classname="org.apache.commons.io.input.BOMInputStreamTest" time="0"/>
  <testcase name="skipReturnValueWithoutBom" classname="org.apache.commons.io.input.BOMInputStreamTest" time="0"/>
  <testcase name="testGetBOMFirstThenRead" classname="org.apache.commons.io.input.BOMInputStreamTest" time="0"/>
  <testcase name="testAvailableWithoutBOM" classname="org.apache.commons.io.input.BOMInputStreamTest" time="0"/>
  <testcase name="testLeadingNonBOMBufferedRead" classname="org.apache.commons.io.input.BOMInputStreamTest" time="0"/>
  <testcase name="testMarkResetAfterReadWithBOM" classname="org.apache.commons.io.input.BOMInputStreamTest" time="0"/>
  <testcase name="testMarkResetBeforeReadWithBOM" classname="org.apache.commons.io.input.BOMInputStreamTest" time="0"/>
  <testcase name="testReadWithMultipleBOM" classname="org.apache.commons.io.input.BOMInputStreamTest" time="0"/>
  <testcase name="testSkipWithoutBOM" classname="org.apache.commons.io.input.BOMInputStreamTest" time="0"/>
  <testcase name="testReadXmlWithBOMUtf16Be" classname="org.apache.commons.io.input.BOMInputStreamTest" time="0.002"/>
  <testcase name="testReadXmlWithBOMUtf16Le" classname="org.apache.commons.io.input.BOMInputStreamTest" time="0.002"/>
  <testcase name="testReadXmlWithBOMUtf32Be" classname="org.apache.commons.io.input.BOMInputStreamTest" time="0.003"/>
  <testcase name="testReadXmlWithBOMUtf32Le" classname="org.apache.commons.io.input.BOMInputStreamTest" time="0.002"/>
  <testcase name="skipReturnValueWithBom" classname="org.apache.commons.io.input.BOMInputStreamTest" time="0"/>
  <testcase name="testReadXmlWithBOMUcs2" classname="org.apache.commons.io.input.BOMInputStreamTest" time="0.004"/>
  <testcase name="testReadXmlWithBOMUcs4" classname="org.apache.commons.io.input.BOMInputStreamTest" time="0">
    <skipped/>
  </testcase>
  <testcase name="testReadXmlWithBOMUtf8" classname="org.apache.commons.io.input.BOMInputStreamTest" time="0.001"/>
  <testcase name="testMarkResetAfterReadWithoutBOM" classname="org.apache.commons.io.input.BOMInputStreamTest" time="0.001"/>
  <testcase name="testLargeBufferWithoutBOM" classname="org.apache.commons.io.input.BOMInputStreamTest" time="0"/>
  <testcase name="testReadTwiceWithBOM" classname="org.apache.commons.io.input.BOMInputStreamTest" time="0.001"/>
  <testcase name="testNoBoms" classname="org.apache.commons.io.input.BOMInputStreamTest" time="0"/>
  <testcase name="testSupportCode" classname="org.apache.commons.io.input.BOMInputStreamTest" time="0"/>
  <testcase name="testReadWithBOMUtf16Be" classname="org.apache.commons.io.input.BOMInputStreamTest" time="0"/>
  <testcase name="testReadWithBOMUtf16Le" classname="org.apache.commons.io.input.BOMInputStreamTest" time="0"/>
  <testcase name="testReadWithBOMUtf32Be" classname="org.apache.commons.io.input.BOMInputStreamTest" time="0"/>
  <testcase name="testReadWithBOMUtf32Le" classname="org.apache.commons.io.input.BOMInputStreamTest" time="0"/>
  <testcase name="testAvailableWithBOM" classname="org.apache.commons.io.input.BOMInputStreamTest" time="0"/>
</testsuite>